<?xml version="1.0" encoding="UTF-8"?>
<!-- Generated by org.testng.reporters.JUnitReportReporter -->
<testsuite hostname="Sandz" failures="0" tests="3" name="TestNGPackage.GoogleTest" time="55.480" errors="0" timestamp="06 Aug 2019 03:07:46 GMT" skipped="0">
  <testcase classname="TestNGPackage.GoogleTest" name="GoogleLog" time="18.895"/>
  <testcase classname="TestNGPackage.GoogleTest" name="TitlePage" time="20.306"/>
  <testcase classname="TestNGPackage.GoogleTest" name="linkTest" time="16.279"/>
</testsuite> <!-- TestNGPackage.GoogleTest -->
