<?xml version="1.0" encoding="UTF-8"?>
<!-- Generated by org.testng.reporters.JUnitReportReporter -->
<testsuite hostname="Sandz" failures="0" tests="1" name="TestNGPackage.TestNGBasicsAnnoations" time="0.020" errors="0" timestamp="06 Aug 2019 02:40:17 GMT" skipped="0">
  <testcase classname="TestNGPackage.TestNGBasicsAnnoations" name="GoogleTest" time="0.020"/>
</testsuite> <!-- TestNGPackage.TestNGBasicsAnnoations -->
